This is pdfTeX, Version 3.1415926-1.40.10 (MiKTeX 2.8) (preloaded format=pdflatex 2011.12.5)  15 NOV 2012 13:10
entering extended mode
**report11_15.tex

(C:\Users\jbleich\Documents\Research_Genomics\bart_gene\Tex_Files\report11_15.t
ex
LaTeX2e <2009/09/24>
Babel <v3.8l> and hyphenation patterns for english, dumylang, nohyphenation, ge
rman, ngerman, german-x-2009-06-19, ngerman-x-2009-06-19, french, loaded.
("C:\Program Files (x86)\MikTek2.8\tex\latex\base\article.cls"
Document Class: article 2007/10/19 v1.4h Standard LaTeX document class
("C:\Program Files (x86)\MikTek2.8\tex\latex\base\size12.clo"
File: size12.clo 2007/10/19 v1.4h Standard LaTeX file (size option)
)
\c@part=\count79
\c@section=\count80
\c@subsection=\count81
\c@subsubsection=\count82
\c@paragraph=\count83
\c@subparagraph=\count84
\c@figure=\count85
\c@table=\count86
\abovecaptionskip=\skip41
\belowcaptionskip=\skip42
\bibindent=\dimen102
)
("C:\Program Files (x86)\MikTek2.8\tex\latex\graphics\graphicx.sty"
Package: graphicx 1999/02/16 v1.0f Enhanced LaTeX Graphics (DPC,SPQR)

("C:\Program Files (x86)\MikTek2.8\tex\latex\graphics\keyval.sty"
Package: keyval 1999/03/16 v1.13 key=value parser (DPC)
\KV@toks@=\toks14
)
("C:\Program Files (x86)\MikTek2.8\tex\latex\graphics\graphics.sty"
Package: graphics 2009/02/05 v1.0o Standard LaTeX Graphics (DPC,SPQR)

("C:\Program Files (x86)\MikTek2.8\tex\latex\graphics\trig.sty"
Package: trig 1999/03/16 v1.09 sin cos tan (DPC)
)
("C:\Program Files (x86)\MikTek2.8\tex\latex\00miktex\graphics.cfg"
File: graphics.cfg 2007/01/18 v1.5 graphics configuration of teTeX/TeXLive
)
Package graphics Info: Driver file: pdftex.def on input line 91.

("C:\Program Files (x86)\MikTek2.8\tex\latex\pdftex-def\pdftex.def"
File: pdftex.def 2010/02/14 v0.04n Graphics/color for pdfTeX
\Gread@gobject=\count87
))
\Gin@req@height=\dimen103
\Gin@req@width=\dimen104
)
("C:\Program Files (x86)\MikTek2.8\tex\latex\float\float.sty"
Package: float 2001/11/08 v1.3d Float enhancements (AL)
\c@float@type=\count88
\float@exts=\toks15
\float@box=\box26
\@float@everytoks=\toks16
\@floatcapt=\box27
)
\@input{preamble.aux}
(C:\Users\jbleich\Documents\Research_Genomics\bart_gene\Tex_Files\preamble.tex
("C:\Program Files (x86)\MikTek2.8\tex\latex\graphics\color.sty"
Package: color 2005/11/14 v1.0j Standard LaTeX Color (DPC)

("C:\Program Files (x86)\MikTek2.8\tex\latex\00miktex\color.cfg"
File: color.cfg 2007/01/18 v1.5 color configuration of teTeX/TeXLive
)
Package color Info: Driver file: pdftex.def on input line 130.
)
("C:\Program Files (x86)\MikTek2.8\tex\latex\ams\math\amsmath.sty"
Package: amsmath 2000/07/18 v2.13 AMS math features
\@mathmargin=\skip43

For additional information on amsmath, use the `?' option.
("C:\Program Files (x86)\MikTek2.8\tex\latex\ams\math\amstext.sty"
Package: amstext 2000/06/29 v2.01

("C:\Program Files (x86)\MikTek2.8\tex\latex\ams\math\amsgen.sty"
File: amsgen.sty 1999/11/30 v2.0
\@emptytoks=\toks17
\ex@=\dimen105
))
("C:\Program Files (x86)\MikTek2.8\tex\latex\ams\math\amsbsy.sty"
Package: amsbsy 1999/11/29 v1.2d
\pmbraise@=\dimen106
)
("C:\Program Files (x86)\MikTek2.8\tex\latex\ams\math\amsopn.sty"
Package: amsopn 1999/12/14 v2.01 operator names
)
\inf@bad=\count89
LaTeX Info: Redefining \frac on input line 211.
\uproot@=\count90
\leftroot@=\count91
LaTeX Info: Redefining \overline on input line 307.
\classnum@=\count92
\DOTSCASE@=\count93
LaTeX Info: Redefining \ldots on input line 379.
LaTeX Info: Redefining \dots on input line 382.
LaTeX Info: Redefining \cdots on input line 467.
\Mathstrutbox@=\box28
\strutbox@=\box29
\big@size=\dimen107
LaTeX Font Info:    Redeclaring font encoding OML on input line 567.
LaTeX Font Info:    Redeclaring font encoding OMS on input line 568.
\macc@depth=\count94
\c@MaxMatrixCols=\count95
\dotsspace@=\muskip10
\c@parentequation=\count96
\dspbrk@lvl=\count97
\tag@help=\toks18
\row@=\count98
\column@=\count99
\maxfields@=\count100
\andhelp@=\toks19
\eqnshift@=\dimen108
\alignsep@=\dimen109
\tagshift@=\dimen110
\tagwidth@=\dimen111
\totwidth@=\dimen112
\lineht@=\dimen113
\@envbody=\toks20
\multlinegap=\skip44
\multlinetaggap=\skip45
\mathdisplay@stack=\toks21
LaTeX Info: Redefining \[ on input line 2666.
LaTeX Info: Redefining \] on input line 2667.
)
(C:\Users\jbleich\MikTek\tex\latex\dstroke\dsfont.sty
Package: dsfont 1995/08/01 v0.1 Double stroke roman fonts
)
("C:\Program Files (x86)\MikTek2.8\tex\latex\amsfonts\amssymb.sty"
Package: amssymb 2009/06/22 v3.00

("C:\Program Files (x86)\MikTek2.8\tex\latex\amsfonts\amsfonts.sty"
Package: amsfonts 2009/06/22 v3.00 Basic AMSFonts support
\symAMSa=\mathgroup4
\symAMSb=\mathgroup5
LaTeX Font Info:    Overwriting math alphabet `\mathfrak' in version `bold'
(Font)                  U/euf/m/n --> U/euf/b/n on input line 96.
))
("C:\Program Files (x86)\MikTek2.8\tex\latex\jknappen\mathrsfs.sty"
Package: mathrsfs 1996/01/01 Math RSFS package v1.0 (jk)
\symrsfs=\mathgroup6
)
(C:\Users\jbleich\MikTek\tex\latex\algorithms\algorithmic.sty
Package: algorithmic 2009/08/24 v0.1 Document Style `algorithmic'

("C:\Program Files (x86)\MikTek2.8\tex\latex\base\ifthen.sty"
Package: ifthen 2001/05/26 v1.1c Standard LaTeX ifthen package (DPC)
)
\c@ALC@unique=\count101
\c@ALC@line=\count102
\c@ALC@rem=\count103
\c@ALC@depth=\count104
\ALC@tlm=\skip46
\algorithmicindent=\skip47
)
(C:\Users\jbleich\MikTek\tex\latex\algorithms\algorithm.sty
Package: algorithm 2009/08/24 v0.1 Document Style `algorithm' - floating enviro
nment
\@float@every@algorithm=\toks22
\c@algorithm=\count105
)
Package color Info: Redefining color black on input line 33.
Package color Info: Redefining color white on input line 34.
Package color Info: Redefining color blue on input line 35.
)
("C:\Program Files (x86)\MikTek2.8\tex\latex\geometry\geometry.sty"
Package: geometry 2010/03/13 v5.3 Page Geometry

("C:\Program Files (x86)\MikTek2.8\tex\generic\oberdiek\ifpdf.sty"
Package: ifpdf 2010/01/28 v2.1 Provides the ifpdf switch (HO)
Package ifpdf Info: pdfTeX in pdf mode detected.
)
("C:\Program Files (x86)\MikTek2.8\tex\generic\oberdiek\ifvtex.sty"
Package: ifvtex 2010/03/01 v1.5 Switches for detecting VTeX and its modes (HO)
Package ifvtex Info: VTeX not detected.
)
\Gm@cnth=\count106
\Gm@cntv=\count107
\c@Gm@tempcnt=\count108
\Gm@bindingoffset=\dimen114
\Gm@wd@mp=\dimen115
\Gm@odd@mp=\dimen116
\Gm@even@mp=\dimen117
\Gm@layoutwidth=\dimen118
\Gm@layoutheight=\dimen119
\Gm@layouthoffset=\dimen120
\Gm@layoutvoffset=\dimen121
\Gm@dimlist=\toks23

("C:\Program Files (x86)\MikTek2.8\tex\latex\geometry\geometry.cfg"))
(C:\Users\jbleich\Documents\Research_Genomics\bart_gene\Tex_Files\report11_15.a
ux)
LaTeX Font Info:    Checking defaults for OML/cmm/m/it on input line 8.
LaTeX Font Info:    ... okay on input line 8.
LaTeX Font Info:    Checking defaults for T1/cmr/m/n on input line 8.
LaTeX Font Info:    ... okay on input line 8.
LaTeX Font Info:    Checking defaults for OT1/cmr/m/n on input line 8.
LaTeX Font Info:    ... okay on input line 8.
LaTeX Font Info:    Checking defaults for OMS/cmsy/m/n on input line 8.
LaTeX Font Info:    ... okay on input line 8.
LaTeX Font Info:    Checking defaults for OMX/cmex/m/n on input line 8.
LaTeX Font Info:    ... okay on input line 8.
LaTeX Font Info:    Checking defaults for U/cmr/m/n on input line 8.
LaTeX Font Info:    ... okay on input line 8.
 ("C:\Program Files (x86)\MikTek2.8\tex\context\base\supp-pdf.tex"
[Loading MPS to PDF converter (version 2006.09.02).]
\scratchcounter=\count109
\scratchdimen=\dimen122
\scratchbox=\box30
\nofMPsegments=\count110
\nofMParguments=\count111
\everyMPshowfont=\toks24
\MPscratchCnt=\count112
\MPscratchDim=\dimen123
\MPnumerator=\count113
\everyMPtoPDFconversion=\toks25
)
*geometry* driver: auto-detecting
*geometry* detected driver: pdftex
*geometry* verbose mode - [ preamble ] result:
* driver: pdftex
* paper: 614.295pt, 794.96999pt (class default)
* layout: 614.295pt, 794.96999pt
* switch(es): 
* h-part:(L,W,R)=(72.26999pt, 469.75502pt, 72.26999pt)
* v-part:(T,H,B)=(72.26999pt, 650.43001pt, 72.26999pt)
* \paperwidth=614.295pt
* \paperheight=794.96999pt
* \textwidth=469.75502pt
* \textheight=650.43001pt
* \oddsidemargin=0.0pt
* \evensidemargin=0.0pt
* \topmargin=-37.0pt
* \headheight=12.0pt
* \headsep=25.0pt
* \footskip=30.0pt
* \marginparwidth=44.0pt
* \marginparsep=10.0pt
* \columnsep=10.0pt
* \skip\footins=10.8pt plus 4.0pt minus 2.0pt
* \hoffset=0.0pt
* \voffset=0.0pt
* \mag=1000
* \@twocolumnfalse
* \@twosidefalse
* \@mparswitchfalse
* \@reversemarginfalse
* (1in=72.27pt, 1cm=28.453pt)

LaTeX Font Info:    Try loading font information for U+msa on input line 9.
("C:\Program Files (x86)\MikTek2.8\tex\latex\amsfonts\umsa.fd"
File: umsa.fd 2009/06/22 v3.00 AMS symbols A
)
LaTeX Font Info:    Try loading font information for U+msb on input line 9.

("C:\Program Files (x86)\MikTek2.8\tex\latex\amsfonts\umsb.fd"
File: umsb.fd 2009/06/22 v3.00 AMS symbols B
)
LaTeX Font Info:    Try loading font information for U+rsfs on input line 9.

("C:\Program Files (x86)\MikTek2.8\tex\latex\jknappen\ursfs.fd"
File: ursfs.fd 1998/03/24 rsfs font definition file (jk)
)

LaTeX Warning: No \author given.


Underfull \hbox (badness 10000) in paragraph at lines 10--11

 []

[1



{C:/Users/jbleich/AppData/Local/MiKTeX/2.8/pdftex/config/pdftex.map}]
<sqpt1_n250.png, id=12, 853.1875pt x 521.95pt>
File: sqpt1_n250.png Graphic file (type png)
 <use sqpt1_n250.png>
<sqpt1_n1000.png, id=13, 853.1875pt x 521.95pt>
File: sqpt1_n1000.png Graphic file (type png)
 <use sqpt1_n1000.png>
<sq1_n250.png, id=14, 853.1875pt x 521.95pt>
File: sq1_n250.png Graphic file (type png)
 <use sq1_n250.png> [2 <C:/Users/jbleich/Documents/Research_Genomics/bart_gene/
Tex_Files/sqpt1_n250.png (PNG copy)> <C:/Users/jbleich/Documents/Research_Genom
ics/bart_gene/Tex_Files/sqpt1_n1000.png (PNG copy)>] <sq1_n1000.png, id=21, 853
.1875pt x 521.95pt>
File: sq1_n1000.png Graphic file (type png)

<use sq1_n1000.png> <sq2_n250.png, id=22, 853.1875pt x 521.95pt>
File: sq2_n250.png Graphic file (type png)

<use sq2_n250.png> [3 <C:/Users/jbleich/Documents/Research_Genomics/bart_gene/T
ex_Files/sq1_n250.png (PNG copy)> <C:/Users/jbleich/Documents/Research_Genomics
/bart_gene/Tex_Files/sq1_n1000.png (PNG copy)>]
<sq2_n1000.png, id=28, 853.1875pt x 521.95pt>
File: sq2_n1000.png Graphic file (type png)
 <use sq2_n1000.png>
<sq8_n250.png, id=29, 853.1875pt x 521.95pt>
File: sq8_n250.png Graphic file (type png)
 <use sq8_n250.png> [4 <C:/Users/jbleich/Documents/Research_Genomics/bart_gene/
Tex_Files/sq2_n250.png (PNG copy)> <C:/Users/jbleich/Documents/Research_Genomic
s/bart_gene/Tex_Files/sq2_n1000.png (PNG copy)>] <sq8_n1000.png, id=35, 853.187
5pt x 521.95pt>
File: sq8_n1000.png Graphic file (type png)

<use sq8_n1000.png> <mult_chain_sq1_n250.png, id=36, 853.1875pt x 521.95pt>
File: mult_chain_sq1_n250.png Graphic file (type png)

<use mult_chain_sq1_n250.png> [5 <C:/Users/jbleich/Documents/Research_Genomics/
bart_gene/Tex_Files/sq8_n250.png (PNG copy)> <C:/Users/jbleich/Documents/Resear
ch_Genomics/bart_gene/Tex_Files/sq8_n1000.png (PNG copy)>] [6 <C:/Users/jbleich
/Documents/Research_Genomics/bart_gene/Tex_Files/mult_chain_sq1_n250.png (PNG c
opy)>]
Overfull \hbox (46.44289pt too wide) in paragraph at lines 69--69
[]\OT1/cmr/bx/n/17.28 Maximum In-clu-sion Fre-quen-cies Across Datasets (N=100)
 
 []

<maxs_sq1.png, id=46, 853.1875pt x 521.95pt>
File: maxs_sq1.png Graphic file (type png)
 <use maxs_sq1.png>
<maxs_sq8.png, id=47, 853.1875pt x 521.95pt>
File: maxs_sq8.png Graphic file (type png)
 <use maxs_sq8.png>
Underfull \hbox (badness 10000) in paragraph at lines 82--83

 []

[7 <C:/Users/jbleich/Documents/Research_Genomics/bart_gene/Tex_Files/maxs_sq1.p
ng (PNG copy)> <C:/Users/jbleich/Documents/Research_Genomics/bart_gene/Tex_File
s/maxs_sq8.png (PNG copy)>] [8]
(C:\Users\jbleich\Documents\Research_Genomics\bart_gene\Tex_Files\report11_15.a
ux) )
(\end occurred inside a group at level 1)

### simple group (level 1) entered at line 81 ({)
### bottom level 
Here is how much of TeX's memory you used:
 2971 strings out of 495285
 36909 string characters out of 3179958
 97403 words of memory out of 3000000
 6117 multiletter control sequences out of 15000+200000
 17436 words of font info for 69 fonts, out of 3000000 for 9000
 14 hyphenation exceptions out of 8191
 31i,7n,32p,530b,221s stack positions out of 5000i,500n,10000p,200000b,50000s
<C:/Program Files (x86)/MikTek2.8/fonts/type1/public/amsfonts/c
m/cmbx12.pfb><C:/Program Files (x86)/MikTek2.8/fonts/type1/public/amsfonts/cm/c
mmi12.pfb><C:/Program Files (x86)/MikTek2.8/fonts/type1/public/amsfonts/cm/cmmi
8.pfb><C:/Program Files (x86)/MikTek2.8/fonts/type1/public/amsfonts/cm/cmmib10.
pfb><C:/Program Files (x86)/MikTek2.8/fonts/type1/public/amsfonts/cm/cmr12.pfb>
<C:/Program Files (x86)/MikTek2.8/fonts/type1/public/amsfonts/cm/cmr17.pfb><C:/
Program Files (x86)/MikTek2.8/fonts/type1/public/amsfonts/cm/cmr8.pfb><C:/Progr
am Files (x86)/MikTek2.8/fonts/type1/public/amsfonts/cm/cmsy10.pfb><C:/Program 
Files (x86)/MikTek2.8/fonts/type1/public/amsfonts/cm/cmtt12.pfb>
Output written on report11_15.pdf (8 pages, 320411 bytes).
PDF statistics:
 87 PDF objects out of 1000 (max. 8388607)
 0 named destinations out of 1000 (max. 500000)
 56 words of extra memory for PDF output out of 10000 (max. 10000000)

