This is pdfTeX, Version 3.1415926-1.40.10 (MiKTeX 2.8) (preloaded format=pdflatex 2011.12.5)  5 NOV 2012 22:29
entering extended mode
**report11_6.tex

(C:\Users\jbleich\Documents\Research_Genomics\bart_gene\Tex_Files\report11_6.te
x
LaTeX2e <2009/09/24>
Babel <v3.8l> and hyphenation patterns for english, dumylang, nohyphenation, ge
rman, ngerman, german-x-2009-06-19, ngerman-x-2009-06-19, french, loaded.
("C:\Program Files (x86)\MikTek2.8\tex\latex\base\article.cls"
Document Class: article 2007/10/19 v1.4h Standard LaTeX document class
("C:\Program Files (x86)\MikTek2.8\tex\latex\base\size12.clo"
File: size12.clo 2007/10/19 v1.4h Standard LaTeX file (size option)
)
\c@part=\count79
\c@section=\count80
\c@subsection=\count81
\c@subsubsection=\count82
\c@paragraph=\count83
\c@subparagraph=\count84
\c@figure=\count85
\c@table=\count86
\abovecaptionskip=\skip41
\belowcaptionskip=\skip42
\bibindent=\dimen102
)
("C:\Program Files (x86)\MikTek2.8\tex\latex\graphics\graphicx.sty"
Package: graphicx 1999/02/16 v1.0f Enhanced LaTeX Graphics (DPC,SPQR)

("C:\Program Files (x86)\MikTek2.8\tex\latex\graphics\keyval.sty"
Package: keyval 1999/03/16 v1.13 key=value parser (DPC)
\KV@toks@=\toks14
)
("C:\Program Files (x86)\MikTek2.8\tex\latex\graphics\graphics.sty"
Package: graphics 2009/02/05 v1.0o Standard LaTeX Graphics (DPC,SPQR)

("C:\Program Files (x86)\MikTek2.8\tex\latex\graphics\trig.sty"
Package: trig 1999/03/16 v1.09 sin cos tan (DPC)
)
("C:\Program Files (x86)\MikTek2.8\tex\latex\00miktex\graphics.cfg"
File: graphics.cfg 2007/01/18 v1.5 graphics configuration of teTeX/TeXLive
)
Package graphics Info: Driver file: pdftex.def on input line 91.

("C:\Program Files (x86)\MikTek2.8\tex\latex\pdftex-def\pdftex.def"
File: pdftex.def 2010/02/14 v0.04n Graphics/color for pdfTeX
\Gread@gobject=\count87
))
\Gin@req@height=\dimen103
\Gin@req@width=\dimen104
)
("C:\Program Files (x86)\MikTek2.8\tex\latex\float\float.sty"
Package: float 2001/11/08 v1.3d Float enhancements (AL)
\c@float@type=\count88
\float@exts=\toks15
\float@box=\box26
\@float@everytoks=\toks16
\@floatcapt=\box27
)
("C:\Program Files (x86)\MikTek2.8\tex\latex\geometry\geometry.sty"
Package: geometry 2010/03/13 v5.3 Page Geometry

("C:\Program Files (x86)\MikTek2.8\tex\generic\oberdiek\ifpdf.sty"
Package: ifpdf 2010/01/28 v2.1 Provides the ifpdf switch (HO)
Package ifpdf Info: pdfTeX in pdf mode detected.
)
("C:\Program Files (x86)\MikTek2.8\tex\generic\oberdiek\ifvtex.sty"
Package: ifvtex 2010/03/01 v1.5 Switches for detecting VTeX and its modes (HO)
Package ifvtex Info: VTeX not detected.
)
\Gm@cnth=\count89
\Gm@cntv=\count90
\c@Gm@tempcnt=\count91
\Gm@bindingoffset=\dimen105
\Gm@wd@mp=\dimen106
\Gm@odd@mp=\dimen107
\Gm@even@mp=\dimen108
\Gm@layoutwidth=\dimen109
\Gm@layoutheight=\dimen110
\Gm@layouthoffset=\dimen111
\Gm@layoutvoffset=\dimen112
\Gm@dimlist=\toks17

("C:\Program Files (x86)\MikTek2.8\tex\latex\geometry\geometry.cfg"))
(C:\Users\jbleich\Documents\Research_Genomics\bart_gene\Tex_Files\report11_6.au
x

LaTeX Warning: Label `fig:f1' multiply defined.


LaTeX Warning: Label `fig:f1' multiply defined.


LaTeX Warning: Label `fig:f1' multiply defined.


LaTeX Warning: Label `fig:f1' multiply defined.


LaTeX Warning: Label `fig:f1' multiply defined.


LaTeX Warning: Label `fig:f1' multiply defined.

)
LaTeX Font Info:    Checking defaults for OML/cmm/m/it on input line 7.
LaTeX Font Info:    ... okay on input line 7.
LaTeX Font Info:    Checking defaults for T1/cmr/m/n on input line 7.
LaTeX Font Info:    ... okay on input line 7.
LaTeX Font Info:    Checking defaults for OT1/cmr/m/n on input line 7.
LaTeX Font Info:    ... okay on input line 7.
LaTeX Font Info:    Checking defaults for OMS/cmsy/m/n on input line 7.
LaTeX Font Info:    ... okay on input line 7.
LaTeX Font Info:    Checking defaults for OMX/cmex/m/n on input line 7.
LaTeX Font Info:    ... okay on input line 7.
LaTeX Font Info:    Checking defaults for U/cmr/m/n on input line 7.
LaTeX Font Info:    ... okay on input line 7.
 ("C:\Program Files (x86)\MikTek2.8\tex\context\base\supp-pdf.tex"
[Loading MPS to PDF converter (version 2006.09.02).]
\scratchcounter=\count92
\scratchdimen=\dimen113
\scratchbox=\box28
\nofMPsegments=\count93
\nofMParguments=\count94
\everyMPshowfont=\toks18
\MPscratchCnt=\count95
\MPscratchDim=\dimen114
\MPnumerator=\count96
\everyMPtoPDFconversion=\toks19
)
*geometry* driver: auto-detecting
*geometry* detected driver: pdftex
*geometry* verbose mode - [ preamble ] result:
* driver: pdftex
* paper: 614.295pt, 794.96999pt (class default)
* layout: 614.295pt, 794.96999pt
* switch(es): 
* h-part:(L,W,R)=(72.26999pt, 469.75502pt, 72.26999pt)
* v-part:(T,H,B)=(72.26999pt, 650.43001pt, 72.26999pt)
* \paperwidth=614.295pt
* \paperheight=794.96999pt
* \textwidth=469.75502pt
* \textheight=650.43001pt
* \oddsidemargin=0.0pt
* \evensidemargin=0.0pt
* \topmargin=-37.0pt
* \headheight=12.0pt
* \headsep=25.0pt
* \footskip=30.0pt
* \marginparwidth=44.0pt
* \marginparsep=10.0pt
* \columnsep=10.0pt
* \skip\footins=10.8pt plus 4.0pt minus 2.0pt
* \hoffset=0.0pt
* \voffset=0.0pt
* \mag=1000
* \@twocolumnfalse
* \@twosidefalse
* \@mparswitchfalse
* \@reversemarginfalse
* (1in=72.27pt, 1cm=28.453pt)

<noise2p.png, id=1, 552.0625pt x 451.6875pt>
File: noise2p.png Graphic file (type png)
 <use noise2p.png>
<noise2s.png, id=2, 552.0625pt x 451.6875pt>
File: noise2s.png Graphic file (type png)
 <use noise2s.png>
LaTeX Font Info:    External font `cmex10' loaded for size
(Font)              <12> on input line 20.
LaTeX Font Info:    External font `cmex10' loaded for size
(Font)              <8> on input line 20.
LaTeX Font Info:    External font `cmex10' loaded for size
(Font)              <6> on input line 20.

<noise5p.png, id=3, 552.0625pt x 451.6875pt>
File: noise5p.png Graphic file (type png)
 <use noise5p.png> [1

{C:/Users/jbleich/AppData/Local/MiKTeX/2.8/pdftex/config/pdftex.map} <C:/Users/
jbleich/Documents/Research_Genomics/bart_gene/Tex_Files/noise2p.png (PNG copy)>
 <C:/Users/jbleich/Documents/Research_Genomics/bart_gene/Tex_Files/noise2s.png 
(PNG copy)>]
<noise5s.png, id=14, 552.0625pt x 451.6875pt>
File: noise5s.png Graphic file (type png)
 <use noise5s.png> [2 <C:/Users/jbleich/Documents/Research_Genomics/bart_gene/T
ex_Files/noise5p.png (PNG copy)> <C:/Users/jbleich/Documents/Research_Genomics/
bart_gene/Tex_Files/noise5s.png (PNG copy)>] <gene3p.png, id=20, 552.0625pt x 4
51.6875pt>
File: gene3p.png Graphic file (type png)
 <use gene3p.png>
<gene3s.png, id=21, 552.0625pt x 451.6875pt>
File: gene3s.png Graphic file (type png)
 <use gene3s.png>
<gene10p.png, id=22, 552.0625pt x 451.6875pt>
File: gene10p.png Graphic file (type png)
 <use gene10p.png> [3 <C:/Users/jbleich/Documents/Research_Genomics/bart_gene/T
ex_Files/gene3p.png (PNG copy)> <C:/Users/jbleich/Documents/Research_Genomics/b
art_gene/Tex_Files/gene3s.png (PNG copy)>] <gene10s.png, id=28, 552.0625pt x 45
1.6875pt>
File: gene10s.png Graphic file (type png)
 <use gene10s.png>
[4 <C:/Users/jbleich/Documents/Research_Genomics/bart_gene/Tex_Files/gene10p.pn
g (PNG copy)> <C:/Users/jbleich/Documents/Research_Genomics/bart_gene/Tex_Files
/gene10s.png (PNG copy)>]
(C:\Users\jbleich\Documents\Research_Genomics\bart_gene\Tex_Files\report11_6.au
x)

LaTeX Warning: There were multiply-defined labels.

 ) 
Here is how much of TeX's memory you used:
 1470 strings out of 495285
 20051 string characters out of 3179958
 75473 words of memory out of 3000000
 4693 multiletter control sequences out of 15000+200000
 7934 words of font info for 28 fonts, out of 3000000 for 9000
 14 hyphenation exceptions out of 8191
 25i,6n,32p,240b,209s stack positions out of 5000i,500n,10000p,200000b,50000s
<C:/Program Files (x86)/MikTek2.8/fonts/type1/public/amsfonts/cm/cmbx12.pfb><
C:/Program Files (x86)/MikTek2.8/fonts/type1/public/amsfonts/cm/cmmi8.pfb><C:/P
rogram Files (x86)/MikTek2.8/fonts/type1/public/amsfonts/cm/cmr12.pfb><C:/Progr
am Files (x86)/MikTek2.8/fonts/type1/public/amsfonts/cm/cmti12.pfb>
Output written on report11_6.pdf (4 pages, 94767 bytes).
PDF statistics:
 47 PDF objects out of 1000 (max. 8388607)
 0 named destinations out of 1000 (max. 500000)
 41 words of extra memory for PDF output out of 10000 (max. 10000000)

